语法

    0 $accept: Program $end

    1 Program: ExtDefList

    2 ExtDefList: ExtDef ExtDefList
    3           | /* 空 */

    4 ExtDef: Specifier ExtDecList SEMI
    5       | Specifier SEMI
    6       | Specifier FunDec CompSt
    7       | error SEMI

    8 ExtDecList: VarDec
    9           | VarDec COMMA ExtDecList

   10 Specifier: TYPE
   11          | StructSpecifier

   12 StructSpecifier: STRUCT OptTag LC DefList RC
   13                | STRUCT Tag

   14 OptTag: ID
   15       | /* 空 */

   16 Tag: ID

   17 VarDec: ID
   18       | VarDec LB INT RB

   19 FunDec: ID LP VarList RP
   20       | ID LP RP
   21       | error RP

   22 VarList: ParamDec COMMA VarList
   23        | ParamDec

   24 ParamDec: Specifier VarDec

   25 CompSt: LC DefList StmtList RC
   26       | error RC

   27 StmtList: Stmt StmtList
   28         | /* 空 */

   29 Stmt: Exp SEMI
   30     | CompSt
   31     | RETURN Exp SEMI
   32     | IF LP Exp RP Stmt
   33     | IF LP Exp RP Stmt ELSE Stmt
   34     | WHILE LP Exp RP Stmt
   35     | error RP
   36     | error SEMI

   37 DefList: Def DefList
   38        | /* 空 */

   39 Def: Specifier DecList SEMI

   40 DecList: Dec
   41        | Dec COMMA DecList

   42 Dec: VarDec
   43    | VarDec ASSIGNOP Exp

   44 Exp: Exp ASSIGNOP Exp
   45    | Exp AND Exp
   46    | Exp OR Exp
   47    | Exp RELOP Exp
   48    | Exp PLUS Exp
   49    | Exp MINUS Exp
   50    | Exp STAR Exp
   51    | Exp DIV Exp
   52    | LP Exp RP
   53    | MINUS Exp
   54    | NOT Exp
   55    | ID LP Args RP
   56    | ID LP RP
   57    | Exp LB Exp RB
   58    | Exp DOT ID
   59    | ID
   60    | INT
   61    | FLOAT

   62 Args: Exp COMMA Args
   63     | Exp


Terminals, with rules where they appear

$end (0) 0
error (256) 7 21 26 35 36
INT (258) 18 60
FLOAT (259) 61
ID (260) 14 16 17 19 20 55 56 58 59
TYPE (261) 10
SEMI (262) 4 5 7 29 31 36 39
COMMA (263) 9 22 41 62
ASSIGNOP (264) 43 44
RELOP (265) 47
PLUS (266) 48
MINUS (267) 49 53
STAR (268) 50
DIV (269) 51
AND (270) 45
OR (271) 46
DOT (272) 58
NOT (273) 54
LP (274) 19 20 32 33 34 52 55 56
RP (275) 19 20 21 32 33 34 35 52 55 56
LB (276) 18 57
RB (277) 18 57
LC (278) 12 25
RC (279) 12 25 26
STRUCT (280) 12 13
RETURN (281) 31
IF (282) 32 33
ELSE (283) 33
WHILE (284) 34
LOWER_THAN_ELSE (285)


Nonterminals, with rules where they appear

$accept (31)
    左： 0
Program (32)
    左： 1, 右： 0
ExtDefList (33)
    左： 2 3, 右： 1 2
ExtDef (34)
    左： 4 5 6 7, 右： 2
ExtDecList (35)
    左： 8 9, 右： 4 9
Specifier (36)
    左： 10 11, 右： 4 5 6 24 39
StructSpecifier (37)
    左： 12 13, 右： 11
OptTag (38)
    左： 14 15, 右： 12
Tag (39)
    左： 16, 右： 13
VarDec (40)
    左： 17 18, 右： 8 9 18 24 42 43
FunDec (41)
    左： 19 20 21, 右： 6
VarList (42)
    左： 22 23, 右： 19 22
ParamDec (43)
    左： 24, 右： 22 23
CompSt (44)
    左： 25 26, 右： 6 30
StmtList (45)
    左： 27 28, 右： 25 27
Stmt (46)
    左： 29 30 31 32 33 34 35 36, 右： 27 32 33 34
DefList (47)
    左： 37 38, 右： 12 25 37
Def (48)
    左： 39, 右： 37
DecList (49)
    左： 40 41, 右： 39 41
Dec (50)
    左： 42 43, 右： 40 41
Exp (51)
    左： 44 45 46 47 48 49 50 51 52 53 54 55 56 57 58 59 60 61, 右：
    29 31 32 33 34 43 44 45 46 47 48 49 50 51 52 53 54 57 58 62 63
Args (52)
    左： 62 63, 右： 55 62


状态 0

    0 $accept: . Program $end

    error   shift, and go to state 1
    TYPE    shift, and go to state 2
    STRUCT  shift, and go to state 3

    $end  reduce using rule 3 (ExtDefList)

    Program          转到状态 4
    ExtDefList       转到状态 5
    ExtDef           转到状态 6
    Specifier        转到状态 7
    StructSpecifier  转到状态 8


状态 1

    7 ExtDef: error . SEMI

    SEMI  shift, and go to state 9


状态 2

   10 Specifier: TYPE .

    $default  reduce using rule 10 (Specifier)


状态 3

   12 StructSpecifier: STRUCT . OptTag LC DefList RC
   13                | STRUCT . Tag

    ID  shift, and go to state 10

    $default  reduce using rule 15 (OptTag)

    OptTag  转到状态 11
    Tag     转到状态 12


状态 4

    0 $accept: Program . $end

    $end  shift, and go to state 13


状态 5

    1 Program: ExtDefList .

    $default  reduce using rule 1 (Program)


状态 6

    2 ExtDefList: ExtDef . ExtDefList

    error   shift, and go to state 1
    TYPE    shift, and go to state 2
    STRUCT  shift, and go to state 3

    $end  reduce using rule 3 (ExtDefList)

    ExtDefList       转到状态 14
    ExtDef           转到状态 6
    Specifier        转到状态 7
    StructSpecifier  转到状态 8


状态 7

    4 ExtDef: Specifier . ExtDecList SEMI
    5       | Specifier . SEMI
    6       | Specifier . FunDec CompSt

    error  shift, and go to state 15
    ID     shift, and go to state 16
    SEMI   shift, and go to state 17

    ExtDecList  转到状态 18
    VarDec      转到状态 19
    FunDec      转到状态 20


状态 8

   11 Specifier: StructSpecifier .

    $default  reduce using rule 11 (Specifier)


状态 9

    7 ExtDef: error SEMI .

    $default  reduce using rule 7 (ExtDef)


状态 10

   14 OptTag: ID .
   16 Tag: ID .

    LC        reduce using rule 14 (OptTag)
    $default  reduce using rule 16 (Tag)


状态 11

   12 StructSpecifier: STRUCT OptTag . LC DefList RC

    LC  shift, and go to state 21


状态 12

   13 StructSpecifier: STRUCT Tag .

    $default  reduce using rule 13 (StructSpecifier)


状态 13

    0 $accept: Program $end .

    $default  接受


状态 14

    2 ExtDefList: ExtDef ExtDefList .

    $default  reduce using rule 2 (ExtDefList)


状态 15

   21 FunDec: error . RP

    RP  shift, and go to state 22


状态 16

   17 VarDec: ID .
   19 FunDec: ID . LP VarList RP
   20       | ID . LP RP

    LP  shift, and go to state 23

    $default  reduce using rule 17 (VarDec)


状态 17

    5 ExtDef: Specifier SEMI .

    $default  reduce using rule 5 (ExtDef)


状态 18

    4 ExtDef: Specifier ExtDecList . SEMI

    SEMI  shift, and go to state 24


状态 19

    8 ExtDecList: VarDec .
    9           | VarDec . COMMA ExtDecList
   18 VarDec: VarDec . LB INT RB

    COMMA  shift, and go to state 25
    LB     shift, and go to state 26

    $default  reduce using rule 8 (ExtDecList)


状态 20

    6 ExtDef: Specifier FunDec . CompSt

    error  shift, and go to state 27
    LC     shift, and go to state 28

    CompSt  转到状态 29


状态 21

   12 StructSpecifier: STRUCT OptTag LC . DefList RC

    TYPE    shift, and go to state 2
    STRUCT  shift, and go to state 3

    $default  reduce using rule 38 (DefList)

    Specifier        转到状态 30
    StructSpecifier  转到状态 8
    DefList          转到状态 31
    Def              转到状态 32


状态 22

   21 FunDec: error RP .

    $default  reduce using rule 21 (FunDec)


状态 23

   19 FunDec: ID LP . VarList RP
   20       | ID LP . RP

    TYPE    shift, and go to state 2
    RP      shift, and go to state 33
    STRUCT  shift, and go to state 3

    Specifier        转到状态 34
    StructSpecifier  转到状态 8
    VarList          转到状态 35
    ParamDec         转到状态 36


状态 24

    4 ExtDef: Specifier ExtDecList SEMI .

    $default  reduce using rule 4 (ExtDef)


状态 25

    9 ExtDecList: VarDec COMMA . ExtDecList

    ID  shift, and go to state 37

    ExtDecList  转到状态 38
    VarDec      转到状态 19


状态 26

   18 VarDec: VarDec LB . INT RB

    INT  shift, and go to state 39


状态 27

   26 CompSt: error . RC

    RC  shift, and go to state 40


状态 28

   25 CompSt: LC . DefList StmtList RC

    TYPE    shift, and go to state 2
    STRUCT  shift, and go to state 3

    $default  reduce using rule 38 (DefList)

    Specifier        转到状态 30
    StructSpecifier  转到状态 8
    DefList          转到状态 41
    Def              转到状态 32


状态 29

    6 ExtDef: Specifier FunDec CompSt .

    $default  reduce using rule 6 (ExtDef)


状态 30

   39 Def: Specifier . DecList SEMI

    ID  shift, and go to state 37

    VarDec   转到状态 42
    DecList  转到状态 43
    Dec      转到状态 44


状态 31

   12 StructSpecifier: STRUCT OptTag LC DefList . RC

    RC  shift, and go to state 45


状态 32

   37 DefList: Def . DefList

    TYPE    shift, and go to state 2
    STRUCT  shift, and go to state 3

    $default  reduce using rule 38 (DefList)

    Specifier        转到状态 30
    StructSpecifier  转到状态 8
    DefList          转到状态 46
    Def              转到状态 32


状态 33

   20 FunDec: ID LP RP .

    $default  reduce using rule 20 (FunDec)


状态 34

   24 ParamDec: Specifier . VarDec

    ID  shift, and go to state 37

    VarDec  转到状态 47


状态 35

   19 FunDec: ID LP VarList . RP

    RP  shift, and go to state 48


状态 36

   22 VarList: ParamDec . COMMA VarList
   23        | ParamDec .

    COMMA  shift, and go to state 49

    $default  reduce using rule 23 (VarList)


状态 37

   17 VarDec: ID .

    $default  reduce using rule 17 (VarDec)


状态 38

    9 ExtDecList: VarDec COMMA ExtDecList .

    $default  reduce using rule 9 (ExtDecList)


状态 39

   18 VarDec: VarDec LB INT . RB

    RB  shift, and go to state 50


状态 40

   26 CompSt: error RC .

    $default  reduce using rule 26 (CompSt)


状态 41

   25 CompSt: LC DefList . StmtList RC

    error   shift, and go to state 51
    INT     shift, and go to state 52
    FLOAT   shift, and go to state 53
    ID      shift, and go to state 54
    MINUS   shift, and go to state 55
    NOT     shift, and go to state 56
    LP      shift, and go to state 57
    LC      shift, and go to state 28
    RETURN  shift, and go to state 58
    IF      shift, and go to state 59
    WHILE   shift, and go to state 60

    RC  reduce using rule 28 (StmtList)

    CompSt    转到状态 61
    StmtList  转到状态 62
    Stmt      转到状态 63
    Exp       转到状态 64


状态 42

   18 VarDec: VarDec . LB INT RB
   42 Dec: VarDec .
   43    | VarDec . ASSIGNOP Exp

    ASSIGNOP  shift, and go to state 65
    LB        shift, and go to state 26

    $default  reduce using rule 42 (Dec)


状态 43

   39 Def: Specifier DecList . SEMI

    SEMI  shift, and go to state 66


状态 44

   40 DecList: Dec .
   41        | Dec . COMMA DecList

    COMMA  shift, and go to state 67

    $default  reduce using rule 40 (DecList)


状态 45

   12 StructSpecifier: STRUCT OptTag LC DefList RC .

    $default  reduce using rule 12 (StructSpecifier)


状态 46

   37 DefList: Def DefList .

    $default  reduce using rule 37 (DefList)


状态 47

   18 VarDec: VarDec . LB INT RB
   24 ParamDec: Specifier VarDec .

    LB  shift, and go to state 26

    $default  reduce using rule 24 (ParamDec)


状态 48

   19 FunDec: ID LP VarList RP .

    $default  reduce using rule 19 (FunDec)


状态 49

   22 VarList: ParamDec COMMA . VarList

    TYPE    shift, and go to state 2
    STRUCT  shift, and go to state 3

    Specifier        转到状态 34
    StructSpecifier  转到状态 8
    VarList          转到状态 68
    ParamDec         转到状态 36


状态 50

   18 VarDec: VarDec LB INT RB .

    $default  reduce using rule 18 (VarDec)


状态 51

   26 CompSt: error . RC
   35 Stmt: error . RP
   36     | error . SEMI

    SEMI  shift, and go to state 69
    RP    shift, and go to state 70
    RC    shift, and go to state 40


状态 52

   60 Exp: INT .

    $default  reduce using rule 60 (Exp)


状态 53

   61 Exp: FLOAT .

    $default  reduce using rule 61 (Exp)


状态 54

   55 Exp: ID . LP Args RP
   56    | ID . LP RP
   59    | ID .

    LP  shift, and go to state 71

    $default  reduce using rule 59 (Exp)


状态 55

   53 Exp: MINUS . Exp

    INT    shift, and go to state 52
    FLOAT  shift, and go to state 53
    ID     shift, and go to state 54
    MINUS  shift, and go to state 55
    NOT    shift, and go to state 56
    LP     shift, and go to state 57

    Exp  转到状态 72


状态 56

   54 Exp: NOT . Exp

    INT    shift, and go to state 52
    FLOAT  shift, and go to state 53
    ID     shift, and go to state 54
    MINUS  shift, and go to state 55
    NOT    shift, and go to state 56
    LP     shift, and go to state 57

    Exp  转到状态 73


状态 57

   52 Exp: LP . Exp RP

    INT    shift, and go to state 52
    FLOAT  shift, and go to state 53
    ID     shift, and go to state 54
    MINUS  shift, and go to state 55
    NOT    shift, and go to state 56
    LP     shift, and go to state 57

    Exp  转到状态 74


状态 58

   31 Stmt: RETURN . Exp SEMI

    INT    shift, and go to state 52
    FLOAT  shift, and go to state 53
    ID     shift, and go to state 54
    MINUS  shift, and go to state 55
    NOT    shift, and go to state 56
    LP     shift, and go to state 57

    Exp  转到状态 75


状态 59

   32 Stmt: IF . LP Exp RP Stmt
   33     | IF . LP Exp RP Stmt ELSE Stmt

    LP  shift, and go to state 76


状态 60

   34 Stmt: WHILE . LP Exp RP Stmt

    LP  shift, and go to state 77


状态 61

   30 Stmt: CompSt .

    $default  reduce using rule 30 (Stmt)


状态 62

   25 CompSt: LC DefList StmtList . RC

    RC  shift, and go to state 78


状态 63

   27 StmtList: Stmt . StmtList

    error   shift, and go to state 51
    INT     shift, and go to state 52
    FLOAT   shift, and go to state 53
    ID      shift, and go to state 54
    MINUS   shift, and go to state 55
    NOT     shift, and go to state 56
    LP      shift, and go to state 57
    LC      shift, and go to state 28
    RETURN  shift, and go to state 58
    IF      shift, and go to state 59
    WHILE   shift, and go to state 60

    RC  reduce using rule 28 (StmtList)

    CompSt    转到状态 61
    StmtList  转到状态 79
    Stmt      转到状态 63
    Exp       转到状态 64


状态 64

   29 Stmt: Exp . SEMI
   44 Exp: Exp . ASSIGNOP Exp
   45    | Exp . AND Exp
   46    | Exp . OR Exp
   47    | Exp . RELOP Exp
   48    | Exp . PLUS Exp
   49    | Exp . MINUS Exp
   50    | Exp . STAR Exp
   51    | Exp . DIV Exp
   57    | Exp . LB Exp RB
   58    | Exp . DOT ID

    SEMI      shift, and go to state 80
    ASSIGNOP  shift, and go to state 81
    RELOP     shift, and go to state 82
    PLUS      shift, and go to state 83
    MINUS     shift, and go to state 84
    STAR      shift, and go to state 85
    DIV       shift, and go to state 86
    AND       shift, and go to state 87
    OR        shift, and go to state 88
    DOT       shift, and go to state 89
    LB        shift, and go to state 90


状态 65

   43 Dec: VarDec ASSIGNOP . Exp

    INT    shift, and go to state 52
    FLOAT  shift, and go to state 53
    ID     shift, and go to state 54
    MINUS  shift, and go to state 55
    NOT    shift, and go to state 56
    LP     shift, and go to state 57

    Exp  转到状态 91


状态 66

   39 Def: Specifier DecList SEMI .

    $default  reduce using rule 39 (Def)


状态 67

   41 DecList: Dec COMMA . DecList

    ID  shift, and go to state 37

    VarDec   转到状态 42
    DecList  转到状态 92
    Dec      转到状态 44


状态 68

   22 VarList: ParamDec COMMA VarList .

    $default  reduce using rule 22 (VarList)


状态 69

   36 Stmt: error SEMI .

    $default  reduce using rule 36 (Stmt)


状态 70

   35 Stmt: error RP .

    $default  reduce using rule 35 (Stmt)


状态 71

   55 Exp: ID LP . Args RP
   56    | ID LP . RP

    INT    shift, and go to state 52
    FLOAT  shift, and go to state 53
    ID     shift, and go to state 54
    MINUS  shift, and go to state 55
    NOT    shift, and go to state 56
    LP     shift, and go to state 57
    RP     shift, and go to state 93

    Exp   转到状态 94
    Args  转到状态 95


状态 72

   44 Exp: Exp . ASSIGNOP Exp
   45    | Exp . AND Exp
   46    | Exp . OR Exp
   47    | Exp . RELOP Exp
   48    | Exp . PLUS Exp
   49    | Exp . MINUS Exp
   50    | Exp . STAR Exp
   51    | Exp . DIV Exp
   53    | MINUS Exp .
   57    | Exp . LB Exp RB
   58    | Exp . DOT ID

    DOT  shift, and go to state 89
    LB   shift, and go to state 90

    $default  reduce using rule 53 (Exp)


状态 73

   44 Exp: Exp . ASSIGNOP Exp
   45    | Exp . AND Exp
   46    | Exp . OR Exp
   47    | Exp . RELOP Exp
   48    | Exp . PLUS Exp
   49    | Exp . MINUS Exp
   50    | Exp . STAR Exp
   51    | Exp . DIV Exp
   54    | NOT Exp .
   57    | Exp . LB Exp RB
   58    | Exp . DOT ID

    DOT  shift, and go to state 89
    LB   shift, and go to state 90

    $default  reduce using rule 54 (Exp)


状态 74

   44 Exp: Exp . ASSIGNOP Exp
   45    | Exp . AND Exp
   46    | Exp . OR Exp
   47    | Exp . RELOP Exp
   48    | Exp . PLUS Exp
   49    | Exp . MINUS Exp
   50    | Exp . STAR Exp
   51    | Exp . DIV Exp
   52    | LP Exp . RP
   57    | Exp . LB Exp RB
   58    | Exp . DOT ID

    ASSIGNOP  shift, and go to state 81
    RELOP     shift, and go to state 82
    PLUS      shift, and go to state 83
    MINUS     shift, and go to state 84
    STAR      shift, and go to state 85
    DIV       shift, and go to state 86
    AND       shift, and go to state 87
    OR        shift, and go to state 88
    DOT       shift, and go to state 89
    RP        shift, and go to state 96
    LB        shift, and go to state 90


状态 75

   31 Stmt: RETURN Exp . SEMI
   44 Exp: Exp . ASSIGNOP Exp
   45    | Exp . AND Exp
   46    | Exp . OR Exp
   47    | Exp . RELOP Exp
   48    | Exp . PLUS Exp
   49    | Exp . MINUS Exp
   50    | Exp . STAR Exp
   51    | Exp . DIV Exp
   57    | Exp . LB Exp RB
   58    | Exp . DOT ID

    SEMI      shift, and go to state 97
    ASSIGNOP  shift, and go to state 81
    RELOP     shift, and go to state 82
    PLUS      shift, and go to state 83
    MINUS     shift, and go to state 84
    STAR      shift, and go to state 85
    DIV       shift, and go to state 86
    AND       shift, and go to state 87
    OR        shift, and go to state 88
    DOT       shift, and go to state 89
    LB        shift, and go to state 90


状态 76

   32 Stmt: IF LP . Exp RP Stmt
   33     | IF LP . Exp RP Stmt ELSE Stmt

    INT    shift, and go to state 52
    FLOAT  shift, and go to state 53
    ID     shift, and go to state 54
    MINUS  shift, and go to state 55
    NOT    shift, and go to state 56
    LP     shift, and go to state 57

    Exp  转到状态 98


状态 77

   34 Stmt: WHILE LP . Exp RP Stmt

    INT    shift, and go to state 52
    FLOAT  shift, and go to state 53
    ID     shift, and go to state 54
    MINUS  shift, and go to state 55
    NOT    shift, and go to state 56
    LP     shift, and go to state 57

    Exp  转到状态 99


状态 78

   25 CompSt: LC DefList StmtList RC .

    $default  reduce using rule 25 (CompSt)


状态 79

   27 StmtList: Stmt StmtList .

    $default  reduce using rule 27 (StmtList)


状态 80

   29 Stmt: Exp SEMI .

    $default  reduce using rule 29 (Stmt)


状态 81

   44 Exp: Exp ASSIGNOP . Exp

    INT    shift, and go to state 52
    FLOAT  shift, and go to state 53
    ID     shift, and go to state 54
    MINUS  shift, and go to state 55
    NOT    shift, and go to state 56
    LP     shift, and go to state 57

    Exp  转到状态 100


状态 82

   47 Exp: Exp RELOP . Exp

    INT    shift, and go to state 52
    FLOAT  shift, and go to state 53
    ID     shift, and go to state 54
    MINUS  shift, and go to state 55
    NOT    shift, and go to state 56
    LP     shift, and go to state 57

    Exp  转到状态 101


状态 83

   48 Exp: Exp PLUS . Exp

    INT    shift, and go to state 52
    FLOAT  shift, and go to state 53
    ID     shift, and go to state 54
    MINUS  shift, and go to state 55
    NOT    shift, and go to state 56
    LP     shift, and go to state 57

    Exp  转到状态 102


状态 84

   49 Exp: Exp MINUS . Exp

    INT    shift, and go to state 52
    FLOAT  shift, and go to state 53
    ID     shift, and go to state 54
    MINUS  shift, and go to state 55
    NOT    shift, and go to state 56
    LP     shift, and go to state 57

    Exp  转到状态 103


状态 85

   50 Exp: Exp STAR . Exp

    INT    shift, and go to state 52
    FLOAT  shift, and go to state 53
    ID     shift, and go to state 54
    MINUS  shift, and go to state 55
    NOT    shift, and go to state 56
    LP     shift, and go to state 57

    Exp  转到状态 104


状态 86

   51 Exp: Exp DIV . Exp

    INT    shift, and go to state 52
    FLOAT  shift, and go to state 53
    ID     shift, and go to state 54
    MINUS  shift, and go to state 55
    NOT    shift, and go to state 56
    LP     shift, and go to state 57

    Exp  转到状态 105


状态 87

   45 Exp: Exp AND . Exp

    INT    shift, and go to state 52
    FLOAT  shift, and go to state 53
    ID     shift, and go to state 54
    MINUS  shift, and go to state 55
    NOT    shift, and go to state 56
    LP     shift, and go to state 57

    Exp  转到状态 106


状态 88

   46 Exp: Exp OR . Exp

    INT    shift, and go to state 52
    FLOAT  shift, and go to state 53
    ID     shift, and go to state 54
    MINUS  shift, and go to state 55
    NOT    shift, and go to state 56
    LP     shift, and go to state 57

    Exp  转到状态 107


状态 89

   58 Exp: Exp DOT . ID

    ID  shift, and go to state 108


状态 90

   57 Exp: Exp LB . Exp RB

    INT    shift, and go to state 52
    FLOAT  shift, and go to state 53
    ID     shift, and go to state 54
    MINUS  shift, and go to state 55
    NOT    shift, and go to state 56
    LP     shift, and go to state 57

    Exp  转到状态 109


状态 91

   43 Dec: VarDec ASSIGNOP Exp .
   44 Exp: Exp . ASSIGNOP Exp
   45    | Exp . AND Exp
   46    | Exp . OR Exp
   47    | Exp . RELOP Exp
   48    | Exp . PLUS Exp
   49    | Exp . MINUS Exp
   50    | Exp . STAR Exp
   51    | Exp . DIV Exp
   57    | Exp . LB Exp RB
   58    | Exp . DOT ID

    ASSIGNOP  shift, and go to state 81
    RELOP     shift, and go to state 82
    PLUS      shift, and go to state 83
    MINUS     shift, and go to state 84
    STAR      shift, and go to state 85
    DIV       shift, and go to state 86
    AND       shift, and go to state 87
    OR        shift, and go to state 88
    DOT       shift, and go to state 89
    LB        shift, and go to state 90

    $default  reduce using rule 43 (Dec)


状态 92

   41 DecList: Dec COMMA DecList .

    $default  reduce using rule 41 (DecList)


状态 93

   56 Exp: ID LP RP .

    $default  reduce using rule 56 (Exp)


状态 94

   44 Exp: Exp . ASSIGNOP Exp
   45    | Exp . AND Exp
   46    | Exp . OR Exp
   47    | Exp . RELOP Exp
   48    | Exp . PLUS Exp
   49    | Exp . MINUS Exp
   50    | Exp . STAR Exp
   51    | Exp . DIV Exp
   57    | Exp . LB Exp RB
   58    | Exp . DOT ID
   62 Args: Exp . COMMA Args
   63     | Exp .

    COMMA     shift, and go to state 110
    ASSIGNOP  shift, and go to state 81
    RELOP     shift, and go to state 82
    PLUS      shift, and go to state 83
    MINUS     shift, and go to state 84
    STAR      shift, and go to state 85
    DIV       shift, and go to state 86
    AND       shift, and go to state 87
    OR        shift, and go to state 88
    DOT       shift, and go to state 89
    LB        shift, and go to state 90

    $default  reduce using rule 63 (Args)


状态 95

   55 Exp: ID LP Args . RP

    RP  shift, and go to state 111


状态 96

   52 Exp: LP Exp RP .

    $default  reduce using rule 52 (Exp)


状态 97

   31 Stmt: RETURN Exp SEMI .

    $default  reduce using rule 31 (Stmt)


状态 98

   32 Stmt: IF LP Exp . RP Stmt
   33     | IF LP Exp . RP Stmt ELSE Stmt
   44 Exp: Exp . ASSIGNOP Exp
   45    | Exp . AND Exp
   46    | Exp . OR Exp
   47    | Exp . RELOP Exp
   48    | Exp . PLUS Exp
   49    | Exp . MINUS Exp
   50    | Exp . STAR Exp
   51    | Exp . DIV Exp
   57    | Exp . LB Exp RB
   58    | Exp . DOT ID

    ASSIGNOP  shift, and go to state 81
    RELOP     shift, and go to state 82
    PLUS      shift, and go to state 83
    MINUS     shift, and go to state 84
    STAR      shift, and go to state 85
    DIV       shift, and go to state 86
    AND       shift, and go to state 87
    OR        shift, and go to state 88
    DOT       shift, and go to state 89
    RP        shift, and go to state 112
    LB        shift, and go to state 90


状态 99

   34 Stmt: WHILE LP Exp . RP Stmt
   44 Exp: Exp . ASSIGNOP Exp
   45    | Exp . AND Exp
   46    | Exp . OR Exp
   47    | Exp . RELOP Exp
   48    | Exp . PLUS Exp
   49    | Exp . MINUS Exp
   50    | Exp . STAR Exp
   51    | Exp . DIV Exp
   57    | Exp . LB Exp RB
   58    | Exp . DOT ID

    ASSIGNOP  shift, and go to state 81
    RELOP     shift, and go to state 82
    PLUS      shift, and go to state 83
    MINUS     shift, and go to state 84
    STAR      shift, and go to state 85
    DIV       shift, and go to state 86
    AND       shift, and go to state 87
    OR        shift, and go to state 88
    DOT       shift, and go to state 89
    RP        shift, and go to state 113
    LB        shift, and go to state 90


状态 100

   44 Exp: Exp . ASSIGNOP Exp
   44    | Exp ASSIGNOP Exp .
   45    | Exp . AND Exp
   46    | Exp . OR Exp
   47    | Exp . RELOP Exp
   48    | Exp . PLUS Exp
   49    | Exp . MINUS Exp
   50    | Exp . STAR Exp
   51    | Exp . DIV Exp
   57    | Exp . LB Exp RB
   58    | Exp . DOT ID

    ASSIGNOP  shift, and go to state 81
    RELOP     shift, and go to state 82
    PLUS      shift, and go to state 83
    MINUS     shift, and go to state 84
    STAR      shift, and go to state 85
    DIV       shift, and go to state 86
    AND       shift, and go to state 87
    OR        shift, and go to state 88
    DOT       shift, and go to state 89
    LB        shift, and go to state 90

    $default  reduce using rule 44 (Exp)


状态 101

   44 Exp: Exp . ASSIGNOP Exp
   45    | Exp . AND Exp
   46    | Exp . OR Exp
   47    | Exp . RELOP Exp
   47    | Exp RELOP Exp .
   48    | Exp . PLUS Exp
   49    | Exp . MINUS Exp
   50    | Exp . STAR Exp
   51    | Exp . DIV Exp
   57    | Exp . LB Exp RB
   58    | Exp . DOT ID

    PLUS   shift, and go to state 83
    MINUS  shift, and go to state 84
    STAR   shift, and go to state 85
    DIV    shift, and go to state 86
    DOT    shift, and go to state 89
    LB     shift, and go to state 90

    $default  reduce using rule 47 (Exp)


状态 102

   44 Exp: Exp . ASSIGNOP Exp
   45    | Exp . AND Exp
   46    | Exp . OR Exp
   47    | Exp . RELOP Exp
   48    | Exp . PLUS Exp
   48    | Exp PLUS Exp .
   49    | Exp . MINUS Exp
   50    | Exp . STAR Exp
   51    | Exp . DIV Exp
   57    | Exp . LB Exp RB
   58    | Exp . DOT ID

    DOT  shift, and go to state 89
    LB   shift, and go to state 90

    $default  reduce using rule 48 (Exp)


状态 103

   44 Exp: Exp . ASSIGNOP Exp
   45    | Exp . AND Exp
   46    | Exp . OR Exp
   47    | Exp . RELOP Exp
   48    | Exp . PLUS Exp
   49    | Exp . MINUS Exp
   49    | Exp MINUS Exp .
   50    | Exp . STAR Exp
   51    | Exp . DIV Exp
   57    | Exp . LB Exp RB
   58    | Exp . DOT ID

    DOT  shift, and go to state 89
    LB   shift, and go to state 90

    $default  reduce using rule 49 (Exp)


状态 104

   44 Exp: Exp . ASSIGNOP Exp
   45    | Exp . AND Exp
   46    | Exp . OR Exp
   47    | Exp . RELOP Exp
   48    | Exp . PLUS Exp
   49    | Exp . MINUS Exp
   50    | Exp . STAR Exp
   50    | Exp STAR Exp .
   51    | Exp . DIV Exp
   57    | Exp . LB Exp RB
   58    | Exp . DOT ID

    DOT  shift, and go to state 89
    LB   shift, and go to state 90

    $default  reduce using rule 50 (Exp)


状态 105

   44 Exp: Exp . ASSIGNOP Exp
   45    | Exp . AND Exp
   46    | Exp . OR Exp
   47    | Exp . RELOP Exp
   48    | Exp . PLUS Exp
   49    | Exp . MINUS Exp
   50    | Exp . STAR Exp
   51    | Exp . DIV Exp
   51    | Exp DIV Exp .
   57    | Exp . LB Exp RB
   58    | Exp . DOT ID

    DOT  shift, and go to state 89
    LB   shift, and go to state 90

    $default  reduce using rule 51 (Exp)


状态 106

   44 Exp: Exp . ASSIGNOP Exp
   45    | Exp . AND Exp
   45    | Exp AND Exp .
   46    | Exp . OR Exp
   47    | Exp . RELOP Exp
   48    | Exp . PLUS Exp
   49    | Exp . MINUS Exp
   50    | Exp . STAR Exp
   51    | Exp . DIV Exp
   57    | Exp . LB Exp RB
   58    | Exp . DOT ID

    PLUS   shift, and go to state 83
    MINUS  shift, and go to state 84
    STAR   shift, and go to state 85
    DIV    shift, and go to state 86
    DOT    shift, and go to state 89
    LB     shift, and go to state 90

    $default  reduce using rule 45 (Exp)


状态 107

   44 Exp: Exp . ASSIGNOP Exp
   45    | Exp . AND Exp
   46    | Exp . OR Exp
   46    | Exp OR Exp .
   47    | Exp . RELOP Exp
   48    | Exp . PLUS Exp
   49    | Exp . MINUS Exp
   50    | Exp . STAR Exp
   51    | Exp . DIV Exp
   57    | Exp . LB Exp RB
   58    | Exp . DOT ID

    PLUS   shift, and go to state 83
    MINUS  shift, and go to state 84
    STAR   shift, and go to state 85
    DIV    shift, and go to state 86
    DOT    shift, and go to state 89
    LB     shift, and go to state 90

    $default  reduce using rule 46 (Exp)


状态 108

   58 Exp: Exp DOT ID .

    $default  reduce using rule 58 (Exp)


状态 109

   44 Exp: Exp . ASSIGNOP Exp
   45    | Exp . AND Exp
   46    | Exp . OR Exp
   47    | Exp . RELOP Exp
   48    | Exp . PLUS Exp
   49    | Exp . MINUS Exp
   50    | Exp . STAR Exp
   51    | Exp . DIV Exp
   57    | Exp . LB Exp RB
   57    | Exp LB Exp . RB
   58    | Exp . DOT ID

    ASSIGNOP  shift, and go to state 81
    RELOP     shift, and go to state 82
    PLUS      shift, and go to state 83
    MINUS     shift, and go to state 84
    STAR      shift, and go to state 85
    DIV       shift, and go to state 86
    AND       shift, and go to state 87
    OR        shift, and go to state 88
    DOT       shift, and go to state 89
    LB        shift, and go to state 90
    RB        shift, and go to state 114


状态 110

   62 Args: Exp COMMA . Args

    INT    shift, and go to state 52
    FLOAT  shift, and go to state 53
    ID     shift, and go to state 54
    MINUS  shift, and go to state 55
    NOT    shift, and go to state 56
    LP     shift, and go to state 57

    Exp   转到状态 94
    Args  转到状态 115


状态 111

   55 Exp: ID LP Args RP .

    $default  reduce using rule 55 (Exp)


状态 112

   32 Stmt: IF LP Exp RP . Stmt
   33     | IF LP Exp RP . Stmt ELSE Stmt

    error   shift, and go to state 51
    INT     shift, and go to state 52
    FLOAT   shift, and go to state 53
    ID      shift, and go to state 54
    MINUS   shift, and go to state 55
    NOT     shift, and go to state 56
    LP      shift, and go to state 57
    LC      shift, and go to state 28
    RETURN  shift, and go to state 58
    IF      shift, and go to state 59
    WHILE   shift, and go to state 60

    CompSt  转到状态 61
    Stmt    转到状态 116
    Exp     转到状态 64


状态 113

   34 Stmt: WHILE LP Exp RP . Stmt

    error   shift, and go to state 51
    INT     shift, and go to state 52
    FLOAT   shift, and go to state 53
    ID      shift, and go to state 54
    MINUS   shift, and go to state 55
    NOT     shift, and go to state 56
    LP      shift, and go to state 57
    LC      shift, and go to state 28
    RETURN  shift, and go to state 58
    IF      shift, and go to state 59
    WHILE   shift, and go to state 60

    CompSt  转到状态 61
    Stmt    转到状态 117
    Exp     转到状态 64


状态 114

   57 Exp: Exp LB Exp RB .

    $default  reduce using rule 57 (Exp)


状态 115

   62 Args: Exp COMMA Args .

    $default  reduce using rule 62 (Args)


状态 116

   32 Stmt: IF LP Exp RP Stmt .
   33     | IF LP Exp RP Stmt . ELSE Stmt

    ELSE  shift, and go to state 118

    $default  reduce using rule 32 (Stmt)


状态 117

   34 Stmt: WHILE LP Exp RP Stmt .

    $default  reduce using rule 34 (Stmt)


状态 118

   33 Stmt: IF LP Exp RP Stmt ELSE . Stmt

    error   shift, and go to state 51
    INT     shift, and go to state 52
    FLOAT   shift, and go to state 53
    ID      shift, and go to state 54
    MINUS   shift, and go to state 55
    NOT     shift, and go to state 56
    LP      shift, and go to state 57
    LC      shift, and go to state 28
    RETURN  shift, and go to state 58
    IF      shift, and go to state 59
    WHILE   shift, and go to state 60

    CompSt  转到状态 61
    Stmt    转到状态 119
    Exp     转到状态 64


状态 119

   33 Stmt: IF LP Exp RP Stmt ELSE Stmt .

    $default  reduce using rule 33 (Stmt)
