语法

    0 $accept: Program $end

    1 Program: ExtDefList

    2 ExtDefList: ExtDef ExtDefList
    3           | /* 空 */

    4 ExtDef: Specifier ExtDecList SEMI
    5       | Specifier SEMI
    6       | Specifier FunDec SEMI
    7       | Specifier FunDec CompSt
    8       | error SEMI

    9 ExtDecList: VarDec
   10           | VarDec COMMA ExtDecList

   11 Specifier: TYPE
   12          | StructSpecifier

   13 StructSpecifier: STRUCT OptTag LC DefList RC
   14                | STRUCT Tag

   15 OptTag: ID
   16       | /* 空 */

   17 Tag: ID

   18 VarDec: ID
   19       | VarDec LB INT RB

   20 FunDec: ID LP VarList RP
   21       | ID LP RP
   22       | error RP

   23 VarList: ParamDec COMMA VarList
   24        | ParamDec

   25 ParamDec: Specifier VarDec

   26 CompSt: LC DefList StmtList RC
   27       | error RC

   28 StmtList: Stmt StmtList
   29         | /* 空 */

   30 Stmt: Exp SEMI
   31     | CompSt
   32     | RETURN Exp SEMI
   33     | IF LP Exp RP Stmt
   34     | IF LP Exp RP Stmt ELSE Stmt
   35     | WHILE LP Exp RP Stmt
   36     | error RP
   37     | error SEMI

   38 DefList: Def DefList
   39        | /* 空 */

   40 Def: Specifier DecList SEMI

   41 DecList: Dec
   42        | Dec COMMA DecList

   43 Dec: VarDec
   44    | VarDec ASSIGNOP Exp

   45 Exp: Exp ASSIGNOP Exp
   46    | Exp AND Exp
   47    | Exp OR Exp
   48    | Exp RELOP Exp
   49    | Exp PLUS Exp
   50    | Exp MINUS Exp
   51    | Exp STAR Exp
   52    | Exp DIV Exp
   53    | LP Exp RP
   54    | MINUS Exp
   55    | NOT Exp
   56    | ID LP Args RP
   57    | ID LP RP
   58    | Exp LB Exp RB
   59    | Exp DOT ID
   60    | ID
   61    | INT
   62    | FLOAT

   63 Args: Exp COMMA Args
   64     | Exp


Terminals, with rules where they appear

$end (0) 0
error (256) 8 22 27 36 37
INT (258) 19 61
FLOAT (259) 62
ID (260) 15 17 18 20 21 56 57 59 60
TYPE (261) 11
SEMI (262) 4 5 6 8 30 32 37 40
COMMA (263) 10 23 42 63
LC (264) 13 26
RC (265) 13 26 27
IF (266) 33 34
ASSIGNOP (267) 44 45
OR (268) 47
AND (269) 46
RELOP (270) 48
MINUS (271) 50 54
PLUS (272) 49
DIV (273) 52
STAR (274) 51
NOT (275) 55
RP (276) 20 21 22 33 34 35 36 53 56 57
LP (277) 20 21 33 34 35 53 56 57
RB (278) 19 58
LB (279) 19 58
DOT (280) 59
LOWER_THAN_ELSE (281)
ELSE (282) 34
WHILE (283) 35
RETURN (284) 32
STRUCT (285) 13 14


Nonterminals, with rules where they appear

$accept (31)
    左： 0
Program (32)
    左： 1, 右： 0
ExtDefList (33)
    左： 2 3, 右： 1 2
ExtDef (34)
    左： 4 5 6 7 8, 右： 2
ExtDecList (35)
    左： 9 10, 右： 4 10
Specifier (36)
    左： 11 12, 右： 4 5 6 7 25 40
StructSpecifier (37)
    左： 13 14, 右： 12
OptTag (38)
    左： 15 16, 右： 13
Tag (39)
    左： 17, 右： 14
VarDec (40)
    左： 18 19, 右： 9 10 19 25 43 44
FunDec (41)
    左： 20 21 22, 右： 6 7
VarList (42)
    左： 23 24, 右： 20 23
ParamDec (43)
    左： 25, 右： 23 24
CompSt (44)
    左： 26 27, 右： 7 31
StmtList (45)
    左： 28 29, 右： 26 28
Stmt (46)
    左： 30 31 32 33 34 35 36 37, 右： 28 33 34 35
DefList (47)
    左： 38 39, 右： 13 26 38
Def (48)
    左： 40, 右： 38
DecList (49)
    左： 41 42, 右： 40 42
Dec (50)
    左： 43 44, 右： 41 42
Exp (51)
    左： 45 46 47 48 49 50 51 52 53 54 55 56 57 58 59 60 61 62, 右：
    30 32 33 34 35 44 45 46 47 48 49 50 51 52 53 54 55 58 59 63 64
Args (52)
    左： 63 64, 右： 56 63


状态 0

    0 $accept: . Program $end

    error   shift, and go to state 1
    TYPE    shift, and go to state 2
    STRUCT  shift, and go to state 3

    $end  reduce using rule 3 (ExtDefList)

    Program          转到状态 4
    ExtDefList       转到状态 5
    ExtDef           转到状态 6
    Specifier        转到状态 7
    StructSpecifier  转到状态 8


状态 1

    8 ExtDef: error . SEMI

    SEMI  shift, and go to state 9


状态 2

   11 Specifier: TYPE .

    $default  reduce using rule 11 (Specifier)


状态 3

   13 StructSpecifier: STRUCT . OptTag LC DefList RC
   14                | STRUCT . Tag

    ID  shift, and go to state 10

    $default  reduce using rule 16 (OptTag)

    OptTag  转到状态 11
    Tag     转到状态 12


状态 4

    0 $accept: Program . $end

    $end  shift, and go to state 13


状态 5

    1 Program: ExtDefList .

    $default  reduce using rule 1 (Program)


状态 6

    2 ExtDefList: ExtDef . ExtDefList

    error   shift, and go to state 1
    TYPE    shift, and go to state 2
    STRUCT  shift, and go to state 3

    $end  reduce using rule 3 (ExtDefList)

    ExtDefList       转到状态 14
    ExtDef           转到状态 6
    Specifier        转到状态 7
    StructSpecifier  转到状态 8


状态 7

    4 ExtDef: Specifier . ExtDecList SEMI
    5       | Specifier . SEMI
    6       | Specifier . FunDec SEMI
    7       | Specifier . FunDec CompSt

    error  shift, and go to state 15
    ID     shift, and go to state 16
    SEMI   shift, and go to state 17

    ExtDecList  转到状态 18
    VarDec      转到状态 19
    FunDec      转到状态 20


状态 8

   12 Specifier: StructSpecifier .

    $default  reduce using rule 12 (Specifier)


状态 9

    8 ExtDef: error SEMI .

    $default  reduce using rule 8 (ExtDef)


状态 10

   15 OptTag: ID .
   17 Tag: ID .

    LC        reduce using rule 15 (OptTag)
    $default  reduce using rule 17 (Tag)


状态 11

   13 StructSpecifier: STRUCT OptTag . LC DefList RC

    LC  shift, and go to state 21


状态 12

   14 StructSpecifier: STRUCT Tag .

    $default  reduce using rule 14 (StructSpecifier)


状态 13

    0 $accept: Program $end .

    $default  接受


状态 14

    2 ExtDefList: ExtDef ExtDefList .

    $default  reduce using rule 2 (ExtDefList)


状态 15

   22 FunDec: error . RP

    RP  shift, and go to state 22


状态 16

   18 VarDec: ID .
   20 FunDec: ID . LP VarList RP
   21       | ID . LP RP

    LP  shift, and go to state 23

    $default  reduce using rule 18 (VarDec)


状态 17

    5 ExtDef: Specifier SEMI .

    $default  reduce using rule 5 (ExtDef)


状态 18

    4 ExtDef: Specifier ExtDecList . SEMI

    SEMI  shift, and go to state 24


状态 19

    9 ExtDecList: VarDec .
   10           | VarDec . COMMA ExtDecList
   19 VarDec: VarDec . LB INT RB

    COMMA  shift, and go to state 25
    LB     shift, and go to state 26

    $default  reduce using rule 9 (ExtDecList)


状态 20

    6 ExtDef: Specifier FunDec . SEMI
    7       | Specifier FunDec . CompSt

    error  shift, and go to state 27
    SEMI   shift, and go to state 28
    LC     shift, and go to state 29

    CompSt  转到状态 30


状态 21

   13 StructSpecifier: STRUCT OptTag LC . DefList RC

    TYPE    shift, and go to state 2
    STRUCT  shift, and go to state 3

    $default  reduce using rule 39 (DefList)

    Specifier        转到状态 31
    StructSpecifier  转到状态 8
    DefList          转到状态 32
    Def              转到状态 33


状态 22

   22 FunDec: error RP .

    $default  reduce using rule 22 (FunDec)


状态 23

   20 FunDec: ID LP . VarList RP
   21       | ID LP . RP

    TYPE    shift, and go to state 2
    RP      shift, and go to state 34
    STRUCT  shift, and go to state 3

    Specifier        转到状态 35
    StructSpecifier  转到状态 8
    VarList          转到状态 36
    ParamDec         转到状态 37


状态 24

    4 ExtDef: Specifier ExtDecList SEMI .

    $default  reduce using rule 4 (ExtDef)


状态 25

   10 ExtDecList: VarDec COMMA . ExtDecList

    ID  shift, and go to state 38

    ExtDecList  转到状态 39
    VarDec      转到状态 19


状态 26

   19 VarDec: VarDec LB . INT RB

    INT  shift, and go to state 40


状态 27

   27 CompSt: error . RC

    RC  shift, and go to state 41


状态 28

    6 ExtDef: Specifier FunDec SEMI .

    $default  reduce using rule 6 (ExtDef)


状态 29

   26 CompSt: LC . DefList StmtList RC

    TYPE    shift, and go to state 2
    STRUCT  shift, and go to state 3

    $default  reduce using rule 39 (DefList)

    Specifier        转到状态 31
    StructSpecifier  转到状态 8
    DefList          转到状态 42
    Def              转到状态 33


状态 30

    7 ExtDef: Specifier FunDec CompSt .

    $default  reduce using rule 7 (ExtDef)


状态 31

   40 Def: Specifier . DecList SEMI

    ID  shift, and go to state 38

    VarDec   转到状态 43
    DecList  转到状态 44
    Dec      转到状态 45


状态 32

   13 StructSpecifier: STRUCT OptTag LC DefList . RC

    RC  shift, and go to state 46


状态 33

   38 DefList: Def . DefList

    TYPE    shift, and go to state 2
    STRUCT  shift, and go to state 3

    $default  reduce using rule 39 (DefList)

    Specifier        转到状态 31
    StructSpecifier  转到状态 8
    DefList          转到状态 47
    Def              转到状态 33


状态 34

   21 FunDec: ID LP RP .

    $default  reduce using rule 21 (FunDec)


状态 35

   25 ParamDec: Specifier . VarDec

    ID  shift, and go to state 38

    VarDec  转到状态 48


状态 36

   20 FunDec: ID LP VarList . RP

    RP  shift, and go to state 49


状态 37

   23 VarList: ParamDec . COMMA VarList
   24        | ParamDec .

    COMMA  shift, and go to state 50

    $default  reduce using rule 24 (VarList)


状态 38

   18 VarDec: ID .

    $default  reduce using rule 18 (VarDec)


状态 39

   10 ExtDecList: VarDec COMMA ExtDecList .

    $default  reduce using rule 10 (ExtDecList)


状态 40

   19 VarDec: VarDec LB INT . RB

    RB  shift, and go to state 51


状态 41

   27 CompSt: error RC .

    $default  reduce using rule 27 (CompSt)


状态 42

   26 CompSt: LC DefList . StmtList RC

    error   shift, and go to state 52
    INT     shift, and go to state 53
    FLOAT   shift, and go to state 54
    ID      shift, and go to state 55
    LC      shift, and go to state 29
    IF      shift, and go to state 56
    MINUS   shift, and go to state 57
    NOT     shift, and go to state 58
    LP      shift, and go to state 59
    WHILE   shift, and go to state 60
    RETURN  shift, and go to state 61

    RC  reduce using rule 29 (StmtList)

    CompSt    转到状态 62
    StmtList  转到状态 63
    Stmt      转到状态 64
    Exp       转到状态 65


状态 43

   19 VarDec: VarDec . LB INT RB
   43 Dec: VarDec .
   44    | VarDec . ASSIGNOP Exp

    ASSIGNOP  shift, and go to state 66
    LB        shift, and go to state 26

    $default  reduce using rule 43 (Dec)


状态 44

   40 Def: Specifier DecList . SEMI

    SEMI  shift, and go to state 67


状态 45

   41 DecList: Dec .
   42        | Dec . COMMA DecList

    COMMA  shift, and go to state 68

    $default  reduce using rule 41 (DecList)


状态 46

   13 StructSpecifier: STRUCT OptTag LC DefList RC .

    $default  reduce using rule 13 (StructSpecifier)


状态 47

   38 DefList: Def DefList .

    $default  reduce using rule 38 (DefList)


状态 48

   19 VarDec: VarDec . LB INT RB
   25 ParamDec: Specifier VarDec .

    LB  shift, and go to state 26

    $default  reduce using rule 25 (ParamDec)


状态 49

   20 FunDec: ID LP VarList RP .

    $default  reduce using rule 20 (FunDec)


状态 50

   23 VarList: ParamDec COMMA . VarList

    TYPE    shift, and go to state 2
    STRUCT  shift, and go to state 3

    Specifier        转到状态 35
    StructSpecifier  转到状态 8
    VarList          转到状态 69
    ParamDec         转到状态 37


状态 51

   19 VarDec: VarDec LB INT RB .

    $default  reduce using rule 19 (VarDec)


状态 52

   27 CompSt: error . RC
   36 Stmt: error . RP
   37     | error . SEMI

    SEMI  shift, and go to state 70
    RC    shift, and go to state 41
    RP    shift, and go to state 71


状态 53

   61 Exp: INT .

    $default  reduce using rule 61 (Exp)


状态 54

   62 Exp: FLOAT .

    $default  reduce using rule 62 (Exp)


状态 55

   56 Exp: ID . LP Args RP
   57    | ID . LP RP
   60    | ID .

    LP  shift, and go to state 72

    $default  reduce using rule 60 (Exp)


状态 56

   33 Stmt: IF . LP Exp RP Stmt
   34     | IF . LP Exp RP Stmt ELSE Stmt

    LP  shift, and go to state 73


状态 57

   54 Exp: MINUS . Exp

    INT    shift, and go to state 53
    FLOAT  shift, and go to state 54
    ID     shift, and go to state 55
    MINUS  shift, and go to state 57
    NOT    shift, and go to state 58
    LP     shift, and go to state 59

    Exp  转到状态 74


状态 58

   55 Exp: NOT . Exp

    INT    shift, and go to state 53
    FLOAT  shift, and go to state 54
    ID     shift, and go to state 55
    MINUS  shift, and go to state 57
    NOT    shift, and go to state 58
    LP     shift, and go to state 59

    Exp  转到状态 75


状态 59

   53 Exp: LP . Exp RP

    INT    shift, and go to state 53
    FLOAT  shift, and go to state 54
    ID     shift, and go to state 55
    MINUS  shift, and go to state 57
    NOT    shift, and go to state 58
    LP     shift, and go to state 59

    Exp  转到状态 76


状态 60

   35 Stmt: WHILE . LP Exp RP Stmt

    LP  shift, and go to state 77


状态 61

   32 Stmt: RETURN . Exp SEMI

    INT    shift, and go to state 53
    FLOAT  shift, and go to state 54
    ID     shift, and go to state 55
    MINUS  shift, and go to state 57
    NOT    shift, and go to state 58
    LP     shift, and go to state 59

    Exp  转到状态 78


状态 62

   31 Stmt: CompSt .

    $default  reduce using rule 31 (Stmt)


状态 63

   26 CompSt: LC DefList StmtList . RC

    RC  shift, and go to state 79


状态 64

   28 StmtList: Stmt . StmtList

    error   shift, and go to state 52
    INT     shift, and go to state 53
    FLOAT   shift, and go to state 54
    ID      shift, and go to state 55
    LC      shift, and go to state 29
    IF      shift, and go to state 56
    MINUS   shift, and go to state 57
    NOT     shift, and go to state 58
    LP      shift, and go to state 59
    WHILE   shift, and go to state 60
    RETURN  shift, and go to state 61

    RC  reduce using rule 29 (StmtList)

    CompSt    转到状态 62
    StmtList  转到状态 80
    Stmt      转到状态 64
    Exp       转到状态 65


状态 65

   30 Stmt: Exp . SEMI
   45 Exp: Exp . ASSIGNOP Exp
   46    | Exp . AND Exp
   47    | Exp . OR Exp
   48    | Exp . RELOP Exp
   49    | Exp . PLUS Exp
   50    | Exp . MINUS Exp
   51    | Exp . STAR Exp
   52    | Exp . DIV Exp
   58    | Exp . LB Exp RB
   59    | Exp . DOT ID

    SEMI      shift, and go to state 81
    ASSIGNOP  shift, and go to state 82
    OR        shift, and go to state 83
    AND       shift, and go to state 84
    RELOP     shift, and go to state 85
    MINUS     shift, and go to state 86
    PLUS      shift, and go to state 87
    DIV       shift, and go to state 88
    STAR      shift, and go to state 89
    LB        shift, and go to state 90
    DOT       shift, and go to state 91


状态 66

   44 Dec: VarDec ASSIGNOP . Exp

    INT    shift, and go to state 53
    FLOAT  shift, and go to state 54
    ID     shift, and go to state 55
    MINUS  shift, and go to state 57
    NOT    shift, and go to state 58
    LP     shift, and go to state 59

    Exp  转到状态 92


状态 67

   40 Def: Specifier DecList SEMI .

    $default  reduce using rule 40 (Def)


状态 68

   42 DecList: Dec COMMA . DecList

    ID  shift, and go to state 38

    VarDec   转到状态 43
    DecList  转到状态 93
    Dec      转到状态 45


状态 69

   23 VarList: ParamDec COMMA VarList .

    $default  reduce using rule 23 (VarList)


状态 70

   37 Stmt: error SEMI .

    $default  reduce using rule 37 (Stmt)


状态 71

   36 Stmt: error RP .

    $default  reduce using rule 36 (Stmt)


状态 72

   56 Exp: ID LP . Args RP
   57    | ID LP . RP

    INT    shift, and go to state 53
    FLOAT  shift, and go to state 54
    ID     shift, and go to state 55
    MINUS  shift, and go to state 57
    NOT    shift, and go to state 58
    RP     shift, and go to state 94
    LP     shift, and go to state 59

    Exp   转到状态 95
    Args  转到状态 96


状态 73

   33 Stmt: IF LP . Exp RP Stmt
   34     | IF LP . Exp RP Stmt ELSE Stmt

    INT    shift, and go to state 53
    FLOAT  shift, and go to state 54
    ID     shift, and go to state 55
    MINUS  shift, and go to state 57
    NOT    shift, and go to state 58
    LP     shift, and go to state 59

    Exp  转到状态 97


状态 74

   45 Exp: Exp . ASSIGNOP Exp
   46    | Exp . AND Exp
   47    | Exp . OR Exp
   48    | Exp . RELOP Exp
   49    | Exp . PLUS Exp
   50    | Exp . MINUS Exp
   51    | Exp . STAR Exp
   52    | Exp . DIV Exp
   54    | MINUS Exp .
   58    | Exp . LB Exp RB
   59    | Exp . DOT ID

    DIV   shift, and go to state 88
    STAR  shift, and go to state 89
    LB    shift, and go to state 90
    DOT   shift, and go to state 91

    $default  reduce using rule 54 (Exp)


状态 75

   45 Exp: Exp . ASSIGNOP Exp
   46    | Exp . AND Exp
   47    | Exp . OR Exp
   48    | Exp . RELOP Exp
   49    | Exp . PLUS Exp
   50    | Exp . MINUS Exp
   51    | Exp . STAR Exp
   52    | Exp . DIV Exp
   55    | NOT Exp .
   58    | Exp . LB Exp RB
   59    | Exp . DOT ID

    LB   shift, and go to state 90
    DOT  shift, and go to state 91

    $default  reduce using rule 55 (Exp)


状态 76

   45 Exp: Exp . ASSIGNOP Exp
   46    | Exp . AND Exp
   47    | Exp . OR Exp
   48    | Exp . RELOP Exp
   49    | Exp . PLUS Exp
   50    | Exp . MINUS Exp
   51    | Exp . STAR Exp
   52    | Exp . DIV Exp
   53    | LP Exp . RP
   58    | Exp . LB Exp RB
   59    | Exp . DOT ID

    ASSIGNOP  shift, and go to state 82
    OR        shift, and go to state 83
    AND       shift, and go to state 84
    RELOP     shift, and go to state 85
    MINUS     shift, and go to state 86
    PLUS      shift, and go to state 87
    DIV       shift, and go to state 88
    STAR      shift, and go to state 89
    RP        shift, and go to state 98
    LB        shift, and go to state 90
    DOT       shift, and go to state 91


状态 77

   35 Stmt: WHILE LP . Exp RP Stmt

    INT    shift, and go to state 53
    FLOAT  shift, and go to state 54
    ID     shift, and go to state 55
    MINUS  shift, and go to state 57
    NOT    shift, and go to state 58
    LP     shift, and go to state 59

    Exp  转到状态 99


状态 78

   32 Stmt: RETURN Exp . SEMI
   45 Exp: Exp . ASSIGNOP Exp
   46    | Exp . AND Exp
   47    | Exp . OR Exp
   48    | Exp . RELOP Exp
   49    | Exp . PLUS Exp
   50    | Exp . MINUS Exp
   51    | Exp . STAR Exp
   52    | Exp . DIV Exp
   58    | Exp . LB Exp RB
   59    | Exp . DOT ID

    SEMI      shift, and go to state 100
    ASSIGNOP  shift, and go to state 82
    OR        shift, and go to state 83
    AND       shift, and go to state 84
    RELOP     shift, and go to state 85
    MINUS     shift, and go to state 86
    PLUS      shift, and go to state 87
    DIV       shift, and go to state 88
    STAR      shift, and go to state 89
    LB        shift, and go to state 90
    DOT       shift, and go to state 91


状态 79

   26 CompSt: LC DefList StmtList RC .

    $default  reduce using rule 26 (CompSt)


状态 80

   28 StmtList: Stmt StmtList .

    $default  reduce using rule 28 (StmtList)


状态 81

   30 Stmt: Exp SEMI .

    $default  reduce using rule 30 (Stmt)


状态 82

   45 Exp: Exp ASSIGNOP . Exp

    INT    shift, and go to state 53
    FLOAT  shift, and go to state 54
    ID     shift, and go to state 55
    MINUS  shift, and go to state 57
    NOT    shift, and go to state 58
    LP     shift, and go to state 59

    Exp  转到状态 101


状态 83

   47 Exp: Exp OR . Exp

    INT    shift, and go to state 53
    FLOAT  shift, and go to state 54
    ID     shift, and go to state 55
    MINUS  shift, and go to state 57
    NOT    shift, and go to state 58
    LP     shift, and go to state 59

    Exp  转到状态 102


状态 84

   46 Exp: Exp AND . Exp

    INT    shift, and go to state 53
    FLOAT  shift, and go to state 54
    ID     shift, and go to state 55
    MINUS  shift, and go to state 57
    NOT    shift, and go to state 58
    LP     shift, and go to state 59

    Exp  转到状态 103


状态 85

   48 Exp: Exp RELOP . Exp

    INT    shift, and go to state 53
    FLOAT  shift, and go to state 54
    ID     shift, and go to state 55
    MINUS  shift, and go to state 57
    NOT    shift, and go to state 58
    LP     shift, and go to state 59

    Exp  转到状态 104


状态 86

   50 Exp: Exp MINUS . Exp

    INT    shift, and go to state 53
    FLOAT  shift, and go to state 54
    ID     shift, and go to state 55
    MINUS  shift, and go to state 57
    NOT    shift, and go to state 58
    LP     shift, and go to state 59

    Exp  转到状态 105


状态 87

   49 Exp: Exp PLUS . Exp

    INT    shift, and go to state 53
    FLOAT  shift, and go to state 54
    ID     shift, and go to state 55
    MINUS  shift, and go to state 57
    NOT    shift, and go to state 58
    LP     shift, and go to state 59

    Exp  转到状态 106


状态 88

   52 Exp: Exp DIV . Exp

    INT    shift, and go to state 53
    FLOAT  shift, and go to state 54
    ID     shift, and go to state 55
    MINUS  shift, and go to state 57
    NOT    shift, and go to state 58
    LP     shift, and go to state 59

    Exp  转到状态 107


状态 89

   51 Exp: Exp STAR . Exp

    INT    shift, and go to state 53
    FLOAT  shift, and go to state 54
    ID     shift, and go to state 55
    MINUS  shift, and go to state 57
    NOT    shift, and go to state 58
    LP     shift, and go to state 59

    Exp  转到状态 108


状态 90

   58 Exp: Exp LB . Exp RB

    INT    shift, and go to state 53
    FLOAT  shift, and go to state 54
    ID     shift, and go to state 55
    MINUS  shift, and go to state 57
    NOT    shift, and go to state 58
    LP     shift, and go to state 59

    Exp  转到状态 109


状态 91

   59 Exp: Exp DOT . ID

    ID  shift, and go to state 110


状态 92

   44 Dec: VarDec ASSIGNOP Exp .
   45 Exp: Exp . ASSIGNOP Exp
   46    | Exp . AND Exp
   47    | Exp . OR Exp
   48    | Exp . RELOP Exp
   49    | Exp . PLUS Exp
   50    | Exp . MINUS Exp
   51    | Exp . STAR Exp
   52    | Exp . DIV Exp
   58    | Exp . LB Exp RB
   59    | Exp . DOT ID

    ASSIGNOP  shift, and go to state 82
    OR        shift, and go to state 83
    AND       shift, and go to state 84
    RELOP     shift, and go to state 85
    MINUS     shift, and go to state 86
    PLUS      shift, and go to state 87
    DIV       shift, and go to state 88
    STAR      shift, and go to state 89
    LB        shift, and go to state 90
    DOT       shift, and go to state 91

    $default  reduce using rule 44 (Dec)


状态 93

   42 DecList: Dec COMMA DecList .

    $default  reduce using rule 42 (DecList)


状态 94

   57 Exp: ID LP RP .

    $default  reduce using rule 57 (Exp)


状态 95

   45 Exp: Exp . ASSIGNOP Exp
   46    | Exp . AND Exp
   47    | Exp . OR Exp
   48    | Exp . RELOP Exp
   49    | Exp . PLUS Exp
   50    | Exp . MINUS Exp
   51    | Exp . STAR Exp
   52    | Exp . DIV Exp
   58    | Exp . LB Exp RB
   59    | Exp . DOT ID
   63 Args: Exp . COMMA Args
   64     | Exp .

    COMMA     shift, and go to state 111
    ASSIGNOP  shift, and go to state 82
    OR        shift, and go to state 83
    AND       shift, and go to state 84
    RELOP     shift, and go to state 85
    MINUS     shift, and go to state 86
    PLUS      shift, and go to state 87
    DIV       shift, and go to state 88
    STAR      shift, and go to state 89
    LB        shift, and go to state 90
    DOT       shift, and go to state 91

    $default  reduce using rule 64 (Args)


状态 96

   56 Exp: ID LP Args . RP

    RP  shift, and go to state 112


状态 97

   33 Stmt: IF LP Exp . RP Stmt
   34     | IF LP Exp . RP Stmt ELSE Stmt
   45 Exp: Exp . ASSIGNOP Exp
   46    | Exp . AND Exp
   47    | Exp . OR Exp
   48    | Exp . RELOP Exp
   49    | Exp . PLUS Exp
   50    | Exp . MINUS Exp
   51    | Exp . STAR Exp
   52    | Exp . DIV Exp
   58    | Exp . LB Exp RB
   59    | Exp . DOT ID

    ASSIGNOP  shift, and go to state 82
    OR        shift, and go to state 83
    AND       shift, and go to state 84
    RELOP     shift, and go to state 85
    MINUS     shift, and go to state 86
    PLUS      shift, and go to state 87
    DIV       shift, and go to state 88
    STAR      shift, and go to state 89
    RP        shift, and go to state 113
    LB        shift, and go to state 90
    DOT       shift, and go to state 91


状态 98

   53 Exp: LP Exp RP .

    $default  reduce using rule 53 (Exp)


状态 99

   35 Stmt: WHILE LP Exp . RP Stmt
   45 Exp: Exp . ASSIGNOP Exp
   46    | Exp . AND Exp
   47    | Exp . OR Exp
   48    | Exp . RELOP Exp
   49    | Exp . PLUS Exp
   50    | Exp . MINUS Exp
   51    | Exp . STAR Exp
   52    | Exp . DIV Exp
   58    | Exp . LB Exp RB
   59    | Exp . DOT ID

    ASSIGNOP  shift, and go to state 82
    OR        shift, and go to state 83
    AND       shift, and go to state 84
    RELOP     shift, and go to state 85
    MINUS     shift, and go to state 86
    PLUS      shift, and go to state 87
    DIV       shift, and go to state 88
    STAR      shift, and go to state 89
    RP        shift, and go to state 114
    LB        shift, and go to state 90
    DOT       shift, and go to state 91


状态 100

   32 Stmt: RETURN Exp SEMI .

    $default  reduce using rule 32 (Stmt)


状态 101

   45 Exp: Exp . ASSIGNOP Exp
   45    | Exp ASSIGNOP Exp .
   46    | Exp . AND Exp
   47    | Exp . OR Exp
   48    | Exp . RELOP Exp
   49    | Exp . PLUS Exp
   50    | Exp . MINUS Exp
   51    | Exp . STAR Exp
   52    | Exp . DIV Exp
   58    | Exp . LB Exp RB
   59    | Exp . DOT ID

    ASSIGNOP  shift, and go to state 82
    OR        shift, and go to state 83
    AND       shift, and go to state 84
    RELOP     shift, and go to state 85
    MINUS     shift, and go to state 86
    PLUS      shift, and go to state 87
    DIV       shift, and go to state 88
    STAR      shift, and go to state 89
    LB        shift, and go to state 90
    DOT       shift, and go to state 91

    $default  reduce using rule 45 (Exp)


状态 102

   45 Exp: Exp . ASSIGNOP Exp
   46    | Exp . AND Exp
   47    | Exp . OR Exp
   47    | Exp OR Exp .
   48    | Exp . RELOP Exp
   49    | Exp . PLUS Exp
   50    | Exp . MINUS Exp
   51    | Exp . STAR Exp
   52    | Exp . DIV Exp
   58    | Exp . LB Exp RB
   59    | Exp . DOT ID

    AND    shift, and go to state 84
    RELOP  shift, and go to state 85
    MINUS  shift, and go to state 86
    PLUS   shift, and go to state 87
    DIV    shift, and go to state 88
    STAR   shift, and go to state 89
    LB     shift, and go to state 90
    DOT    shift, and go to state 91

    $default  reduce using rule 47 (Exp)


状态 103

   45 Exp: Exp . ASSIGNOP Exp
   46    | Exp . AND Exp
   46    | Exp AND Exp .
   47    | Exp . OR Exp
   48    | Exp . RELOP Exp
   49    | Exp . PLUS Exp
   50    | Exp . MINUS Exp
   51    | Exp . STAR Exp
   52    | Exp . DIV Exp
   58    | Exp . LB Exp RB
   59    | Exp . DOT ID

    RELOP  shift, and go to state 85
    MINUS  shift, and go to state 86
    PLUS   shift, and go to state 87
    DIV    shift, and go to state 88
    STAR   shift, and go to state 89
    LB     shift, and go to state 90
    DOT    shift, and go to state 91

    $default  reduce using rule 46 (Exp)


状态 104

   45 Exp: Exp . ASSIGNOP Exp
   46    | Exp . AND Exp
   47    | Exp . OR Exp
   48    | Exp . RELOP Exp
   48    | Exp RELOP Exp .
   49    | Exp . PLUS Exp
   50    | Exp . MINUS Exp
   51    | Exp . STAR Exp
   52    | Exp . DIV Exp
   58    | Exp . LB Exp RB
   59    | Exp . DOT ID

    MINUS  shift, and go to state 86
    PLUS   shift, and go to state 87
    DIV    shift, and go to state 88
    STAR   shift, and go to state 89
    LB     shift, and go to state 90
    DOT    shift, and go to state 91

    $default  reduce using rule 48 (Exp)


状态 105

   45 Exp: Exp . ASSIGNOP Exp
   46    | Exp . AND Exp
   47    | Exp . OR Exp
   48    | Exp . RELOP Exp
   49    | Exp . PLUS Exp
   50    | Exp . MINUS Exp
   50    | Exp MINUS Exp .
   51    | Exp . STAR Exp
   52    | Exp . DIV Exp
   58    | Exp . LB Exp RB
   59    | Exp . DOT ID

    DIV   shift, and go to state 88
    STAR  shift, and go to state 89
    LB    shift, and go to state 90
    DOT   shift, and go to state 91

    $default  reduce using rule 50 (Exp)


状态 106

   45 Exp: Exp . ASSIGNOP Exp
   46    | Exp . AND Exp
   47    | Exp . OR Exp
   48    | Exp . RELOP Exp
   49    | Exp . PLUS Exp
   49    | Exp PLUS Exp .
   50    | Exp . MINUS Exp
   51    | Exp . STAR Exp
   52    | Exp . DIV Exp
   58    | Exp . LB Exp RB
   59    | Exp . DOT ID

    DIV   shift, and go to state 88
    STAR  shift, and go to state 89
    LB    shift, and go to state 90
    DOT   shift, and go to state 91

    $default  reduce using rule 49 (Exp)


状态 107

   45 Exp: Exp . ASSIGNOP Exp
   46    | Exp . AND Exp
   47    | Exp . OR Exp
   48    | Exp . RELOP Exp
   49    | Exp . PLUS Exp
   50    | Exp . MINUS Exp
   51    | Exp . STAR Exp
   52    | Exp . DIV Exp
   52    | Exp DIV Exp .
   58    | Exp . LB Exp RB
   59    | Exp . DOT ID

    LB   shift, and go to state 90
    DOT  shift, and go to state 91

    $default  reduce using rule 52 (Exp)


状态 108

   45 Exp: Exp . ASSIGNOP Exp
   46    | Exp . AND Exp
   47    | Exp . OR Exp
   48    | Exp . RELOP Exp
   49    | Exp . PLUS Exp
   50    | Exp . MINUS Exp
   51    | Exp . STAR Exp
   51    | Exp STAR Exp .
   52    | Exp . DIV Exp
   58    | Exp . LB Exp RB
   59    | Exp . DOT ID

    LB   shift, and go to state 90
    DOT  shift, and go to state 91

    $default  reduce using rule 51 (Exp)


状态 109

   45 Exp: Exp . ASSIGNOP Exp
   46    | Exp . AND Exp
   47    | Exp . OR Exp
   48    | Exp . RELOP Exp
   49    | Exp . PLUS Exp
   50    | Exp . MINUS Exp
   51    | Exp . STAR Exp
   52    | Exp . DIV Exp
   58    | Exp . LB Exp RB
   58    | Exp LB Exp . RB
   59    | Exp . DOT ID

    ASSIGNOP  shift, and go to state 82
    OR        shift, and go to state 83
    AND       shift, and go to state 84
    RELOP     shift, and go to state 85
    MINUS     shift, and go to state 86
    PLUS      shift, and go to state 87
    DIV       shift, and go to state 88
    STAR      shift, and go to state 89
    RB        shift, and go to state 115
    LB        shift, and go to state 90
    DOT       shift, and go to state 91


状态 110

   59 Exp: Exp DOT ID .

    $default  reduce using rule 59 (Exp)


状态 111

   63 Args: Exp COMMA . Args

    INT    shift, and go to state 53
    FLOAT  shift, and go to state 54
    ID     shift, and go to state 55
    MINUS  shift, and go to state 57
    NOT    shift, and go to state 58
    LP     shift, and go to state 59

    Exp   转到状态 95
    Args  转到状态 116


状态 112

   56 Exp: ID LP Args RP .

    $default  reduce using rule 56 (Exp)


状态 113

   33 Stmt: IF LP Exp RP . Stmt
   34     | IF LP Exp RP . Stmt ELSE Stmt

    error   shift, and go to state 52
    INT     shift, and go to state 53
    FLOAT   shift, and go to state 54
    ID      shift, and go to state 55
    LC      shift, and go to state 29
    IF      shift, and go to state 56
    MINUS   shift, and go to state 57
    NOT     shift, and go to state 58
    LP      shift, and go to state 59
    WHILE   shift, and go to state 60
    RETURN  shift, and go to state 61

    CompSt  转到状态 62
    Stmt    转到状态 117
    Exp     转到状态 65


状态 114

   35 Stmt: WHILE LP Exp RP . Stmt

    error   shift, and go to state 52
    INT     shift, and go to state 53
    FLOAT   shift, and go to state 54
    ID      shift, and go to state 55
    LC      shift, and go to state 29
    IF      shift, and go to state 56
    MINUS   shift, and go to state 57
    NOT     shift, and go to state 58
    LP      shift, and go to state 59
    WHILE   shift, and go to state 60
    RETURN  shift, and go to state 61

    CompSt  转到状态 62
    Stmt    转到状态 118
    Exp     转到状态 65


状态 115

   58 Exp: Exp LB Exp RB .

    $default  reduce using rule 58 (Exp)


状态 116

   63 Args: Exp COMMA Args .

    $default  reduce using rule 63 (Args)


状态 117

   33 Stmt: IF LP Exp RP Stmt .
   34     | IF LP Exp RP Stmt . ELSE Stmt

    ELSE  shift, and go to state 119

    $default  reduce using rule 33 (Stmt)


状态 118

   35 Stmt: WHILE LP Exp RP Stmt .

    $default  reduce using rule 35 (Stmt)


状态 119

   34 Stmt: IF LP Exp RP Stmt ELSE . Stmt

    error   shift, and go to state 52
    INT     shift, and go to state 53
    FLOAT   shift, and go to state 54
    ID      shift, and go to state 55
    LC      shift, and go to state 29
    IF      shift, and go to state 56
    MINUS   shift, and go to state 57
    NOT     shift, and go to state 58
    LP      shift, and go to state 59
    WHILE   shift, and go to state 60
    RETURN  shift, and go to state 61

    CompSt  转到状态 62
    Stmt    转到状态 120
    Exp     转到状态 65


状态 120

   34 Stmt: IF LP Exp RP Stmt ELSE Stmt .

    $default  reduce using rule 34 (Stmt)
